[ARGH]: [ARGH]
[androVM.inited]: [1]
[androVM.vbox_dpi]: [420]
[androVM.vbox_graph_mode]: [1080x1920-16]
[dalvik.vm.appimageformat]: [lz4]
[dalvik.vm.dex2oat-Xms]: [64m]
[dalvik.vm.dex2oat-Xmx]: [512m]
[dalvik.vm.heapgrowthlimit]: [96m]
[dalvik.vm.heapmaxfree]: [8m]
[dalvik.vm.heapminfree]: [512k]
[dalvik.vm.heapsize]: [256m]
[dalvik.vm.heapstartsize]: [8m]
[dalvik.vm.heaptargetutilization]: [0.75]
[dalvik.vm.image-dex2oat-Xms]: [64m]
[dalvik.vm.image-dex2oat-Xmx]: [64m]
[dalvik.vm.isa.x86.features]: [default]
[dalvik.vm.isa.x86.variant]: [x86]
[dalvik.vm.lockprof.threshold]: [500]
[dalvik.vm.stack-trace-file]: [/data/anr/traces.txt]
[dalvik.vm.usejit]: [true]
[dalvik.vm.usejitprofiles]: [true]
[debug.atrace.tags.enableflags]: [0]
[debug.force_rtl]: [0]
[dev.bootcomplete]: [1]
[genymotion.batteryd.started]: [1]
[genymotion.device.id]: [000000000000000]
[genymotion.local_opengl.started]: [1]
[gsm.current.phone-type]: [1]
[gsm.network.type]: [UMTS]
[gsm.operator.alpha]: [Android]
[gsm.operator.iso-country]: [us]
[gsm.operator.isroaming]: [false]
[gsm.operator.numeric]: [310260]
[gsm.sim.operator.alpha]: [Android]
[gsm.sim.operator.iso-country]: [us]
[gsm.sim.operator.numeric]: [310270]
[gsm.sim.state]: [READY]
[gsm.version.ril-impl]: [android reference-ril 1.0]
[init.svc.adbd]: [running]
[init.svc.audioserver]: [running]
[init.svc.back_camera]: [running]
[init.svc.batteryd]: [running]
[init.svc.bootanim]: [stopped]
[init.svc.cameraserver]: [running]
[init.svc.debuggerd]: [running]
[init.svc.diskiod]: [running]
[init.svc.drm]: [running]
[init.svc.front_camera]: [running]
[init.svc.gatekeeperd]: [running]
[init.svc.genybaseband]: [running]
[init.svc.healthd]: [running]
[init.svc.installd]: [running]
[init.svc.keystore]: [running]
[init.svc.lmkd]: [running]
[init.svc.local_opengl]: [running]
[init.svc.logd]: [running]
[init.svc.logd-reinit]: [stopped]
[init.svc.media]: [running]
[init.svc.mediacodec]: [running]
[init.svc.mediadrm]: [running]
[init.svc.mediaextractor]: [running]
[init.svc.netd]: [running]
[init.svc.network_profile]: [running]
[init.svc.perfprofd]: [running]
[init.svc.redis]: [running]
[init.svc.ril-daemon]: [running]
[init.svc.servicemanager]: [running]
[init.svc.settingsd]: [running]
[init.svc.su_daemon]: [running]
[init.svc.surfaceflinger]: [running]
[init.svc.ueventd]: [running]
[init.svc.vbox86-setup]: [stopped]
[init.svc.vinput]: [running]
[init.svc.vold]: [running]
[init.svc.wpa_supplicant]: [running]
[init.svc.zygote]: [running]
[keyguard.no_require_sim]: [true]
[log.tag.WifiHAL]: [D]
[logd.logpersistd.enable]: [true]
[net.bt.name]: [Android]
[net.change]: [net.dns2]
[net.dns1]: [8.8.8.8]
[net.dns2]: [192.168.2.1]
[net.eth0.dns1]: []
[net.eth0.dns2]: []
[net.eth0.gateway]: []
[net.hostname]: [android-c3590690b4258a46]
[net.qtaguid_enabled]: [1]
[net.tcp.default_init_rwnd]: [60]
[persist.service.adb.enable]: [1]
[persist.sys.dalvik.vm.lib.2]: [libart.so]
[persist.sys.gps.lpp]: []
[persist.sys.profiler_ms]: [0]
[persist.sys.timezone]: [America/New_York]
[persist.sys.usb.config]: [adb]
[persist.sys.webview.vmsize]: [110520408]
[pm.dexopt.ab-ota]: [speed-profile]
[pm.dexopt.bg-dexopt]: [speed-profile]
[pm.dexopt.boot]: [verify-profile]
[pm.dexopt.core-app]: [speed]
[pm.dexopt.first-boot]: [interpret-only]
[pm.dexopt.forced-dexopt]: [speed]
[pm.dexopt.install]: [interpret-only]
[pm.dexopt.nsys-library]: [speed]
[pm.dexopt.shared-apk]: [speed]
[qemu.gles]: [1]
[qemu.hw.mainkeys]: [0]
[rild.libargs]: [-s/dev/socket/baseband_ril]
[rild.libpath]: [/system/lib/libreference-ril.so]
[ro.allow.mock.location]: [0]
[ro.baseband]: [unknown]
[ro.board.platform]: [vbox86]
[ro.boot.console]: [tty0]
[ro.boot.hardware]: [vbox86]
[ro.bootimage.build.date]: [Tue May 22 02:13:22 UTC 2018]
[ro.bootimage.build.date.utc]: [1526955202]
[ro.bootimage.build.fingerprint]: [Android/vbox86p/vbox86p:7.1.1/NMF26Q/91:userdebug/test-keys]
[ro.bootloader]: [unknown]
[ro.bootmode]: [unknown]
[ro.bq.gpu_to_cpu_unsupported]: [1]
[ro.build.characteristics]: [nosdcard]
[ro.build.date]: [Tue May 22 02:13:22 UTC 2018]
[ro.build.date.utc]: [1526955202]
[ro.build.description]: [vbox86p-userdebug 7.1.1 NMF26Q 91 test-keys]
[ro.build.display.id]: [vbox86p-userdebug 7.1.1 NMF26Q 91 test-keys]
[ro.build.display.id.geny-def]: [vbox86p-userdebug 7.1.1 NMF26Q 91 test-keys]
[ro.build.fingerprint]: [Android/vbox86p/vbox86p:7.1.1/NMF26Q/91:userdebug/test-keys]
[ro.build.fingerprint.geny-def]: [Android/vbox86p/vbox86p:7.1.1/NMF26Q/91:userdebug/test-keys]
[ro.build.flavor]: [vbox86p-userdebug]
[ro.build.host]: [63a066c04c4c]
[ro.build.id]: [NMF26Q]
[ro.build.product]: [vbox86p]
[ro.build.shutdown_timeout]: [3]
[ro.build.tags]: [test-keys]
[ro.build.tags.geny-def]: [test-keys]
[ro.build.type]: [userdebug]
[ro.build.type.geny-def]: [userdebug]
[ro.build.user]: [genymotion]
[ro.build.version.all_codenames]: [REL]
[ro.build.version.base_os]: []
[ro.build.version.codename]: [REL]
[ro.build.version.incremental]: [91]
[ro.build.version.preview_sdk]: [0]
[ro.build.version.release]: [7.1.1]
[ro.build.version.sdk]: [25]
[ro.build.version.security_patch]: [2016-12-05]
[ro.carrier]: [unknown]
[ro.com.android.dataroaming]: [true]
[ro.com.google.locationfeatures]: [1]
[ro.config.alarm_alert]: [Alarm_Classic.ogg]
[ro.config.notification_sound]: [pixiedust.ogg]
[ro.config.ringtone]: [Ring_Synth_04.ogg]
[ro.crypto.state]: [unsupported]
[ro.dalvik.vm.native.bridge]: [0]
[ro.debuggable]: [1]
[ro.device_owner]: [false]
[ro.genyd.caps.acc]: [on]
[ro.genyd.caps.baseband]: [on]
[ro.genyd.caps.bat]: [on]
[ro.genyd.caps.cam]: [on]
[ro.genyd.caps.did]: [on]
[ro.genyd.caps.diskio]: [on]
[ro.genyd.caps.gps]: [on]
[ro.genyd.caps.net]: [on]
[ro.genyd.caps.rmt]: [on]
[ro.genyd.caps.scr]: [on]
[ro.genymotion.device.version]: [1]
[ro.genymotion.platform]: [p]
[ro.genymotion.player.version]: [1]
[ro.genymotion.version]: [2.12.1]
[ro.hardware]: [vbox86]
[ro.kernel.qemu]: [1]
[ro.kernel.qemu.gles]: [1]
[ro.lockscreen.disable.default]: [true]
[ro.manufacturer.geny-def]: [Genymotion]
[ro.opengles.version]: [131072]
[ro.product.board]: []
[ro.product.board.geny-def]: []
[ro.product.brand]: [Android]
[ro.product.brand.geny-def]: [Android]
[ro.product.cpu.abi]: [x86]
[ro.product.cpu.abilist]: [x86]
[ro.product.cpu.abilist32]: [x86]
[ro.product.cpu.abilist64]: []
[ro.product.device]: [vbox86p]
[ro.product.device.geny-def]: [vbox86p]
[ro.product.locale]: [en-US]
[ro.product.manufacturer]: [Genymotion]
[ro.product.model]: [Google Nexus 5X - 7.1.0 - API 25 - 1080x1920]
[ro.product.model.geny-def]: [Genymotion 'Phone' version]
[ro.product.name]: [vbox86p]
[ro.product.name.geny-def]: [vbox86p]
[ro.radio.use-ppp]: [no]
[ro.revision]: [0]
[ro.ril.gprsclass]: [10]
[ro.ril.hsxpa]: [1]
[ro.runtime.firstboot]: [1541791092531]
[ro.secure]: [1]
[ro.serialno]: []
[ro.sf.lcd_density]: [420]
[ro.wifi.channels]: []
[ro.zygote]: [zygote32]
[ro.zygote.disable_gl_preload]: [true]
[security.perf_harden]: [1]
[selinux.reload_policy]: [1]
[service.adb.root]: [1]
[service.bootanim.exit]: [1]
[sys.boot_completed]: [1]
[sys.sysctl.extra_free_kbytes]: [24300]
[sys.sysctl.tcp_def_init_rwnd]: [60]
[sys.usb.config]: [adb]
[sys.usb.configfs]: [0]
[sys.usb.state]: [adb]
[vold.has_adoptable]: [0]
[wifi.interface]: [eth1]
[wifi.interface.mac]: [08:00:27:84:a6:6f]
[wlan.driver.status]: [ok]
