Flutter crash report; please file at https://github.com/flutter/flutter/issues.

## command

flutter run --record-to=entrecor

## exception

FormatException: FormatException: Bad UTF-8 encoding 0x4c (at offset 991)

```
#0      _Utf8Decoder.convert (dart:convert/utf.dart:484:15)
#1      _Utf8ConversionSink.addSlice (dart:convert/string_conversion.dart:345:14)
#2      _Utf8ConversionSink.add (dart:convert/string_conversion.dart:341:5)
#3      _ConverterStreamEventSink.add (dart:convert/chunked_conversion.dart:86:18)
#4      _SinkTransformerStreamSubscription._handleData (dart:async/stream_transformers.dart:120:24)
#5      _rootRunUnary (dart:async/zone.dart:1132:38)
#6      _CustomZone.runUnary (dart:async/zone.dart:1029:19)
#7      _CustomZone.runUnaryGuarded (dart:async/zone.dart:931:7)
#8      _BufferingStreamSubscription._sendData (dart:async/stream_impl.dart:336:11)
#9      _DelayedData.perform (dart:async/stream_impl.dart:591:14)
#10     _StreamImplEvents.handleNext (dart:async/stream_impl.dart:707:11)
#11     _PendingEvents.schedule.<anonymous closure> (dart:async/stream_impl.dart:667:7)
#12     _rootRun (dart:async/zone.dart:1124:13)
#13     _CustomZone.run (dart:async/zone.dart:1021:19)
#14     _CustomZone.bindCallback.<anonymous closure> (dart:async/zone.dart:947:23)
#15     _microtaskLoop (dart:async/schedule_microtask.dart:41:21)
#16     _startMicrotaskLoop (dart:async/schedule_microtask.dart:50:5)
#17     _runPendingImmediateCallback (dart:isolate/runtime/libisolate_patch.dart:115:13)
#18     _RawReceivePortImpl._handleMessage (dart:isolate/runtime/libisolate_patch.dart:172:5)
```

## flutter doctor

```
[✓] Flutter (Channel beta, v0.8.2, on Microsoft Windows [Version 10.0.17134.345], locale tr-TR)
    • Flutter version 0.8.2 at C:\Program Files\flutter
    • Framework revision 5ab9e70727 (9 weeks ago), 2018-09-07 12:33:05 -0700
    • Engine revision 58a1894a1c
    • Dart version 2.1.0-dev.3.1.flutter-760a9690c2

[✓] Android toolchain - develop for Android devices (Android SDK 28.0.3)
    • Android SDK at C:\Users\Aylin\AppData\Local\Android\sdk
    • Android NDK location not configured (optional; useful for native profiling support)
    • Platform android-28, build-tools 28.0.3
    • Java binary at: C:\Program Files\Android\Android Studio\jre\bin\java
    • Java version OpenJDK Runtime Environment (build 1.8.0_152-release-1136-b06)
    • All Android licenses accepted.

[✓] Android Studio (version 3.2)
    • Android Studio at C:\Program Files\Android\Android Studio
    • Flutter plugin version 28.0.2
    • Dart plugin version 181.5616
    • Java version OpenJDK Runtime Environment (build 1.8.0_152-release-1136-b06)

[!] IntelliJ IDEA Community Edition (version 2018.2)
    • IntelliJ at C:\Program Files\JetBrains\IntelliJ IDEA Community Edition 2018.2.4
    ✗ Flutter plugin not installed; this adds Flutter specific functionality.
    ✗ Dart plugin not installed; this adds Dart specific functionality.
    • For information about installing plugins, see
      https://flutter.io/intellij-setup/#installing-the-plugins

[✓] VS Code (version 1.28.2)
    • VS Code at C:\Users\Aylin\AppData\Local\Programs\Microsoft VS Code
    • Flutter extension version 2.20.0

[✓] Connected devices (1 available)
    • Google Nexus 5X, 7 1 0, API 25, 1080x1920 • 192.168.26.101:5555 • android-x86 • Android 7.1.1 (API 25)

! Doctor found issues in 1 category.
```
